<?xml version="1.0" encoding="UTF-8"?>
<testng-results ignored="0" total="2" passed="2" failed="0" skipped="0">
  <reporter-output>
  </reporter-output>
  <suite started-at="2022-04-10T19:06:47 IST" name="Default suite" finished-at="2022-04-10T19:06:47 IST" duration-ms="57">
    <groups>
    </groups>
    <test started-at="2022-04-10T19:06:47 IST" name="Default test" finished-at="2022-04-10T19:06:47 IST" duration-ms="57">
      <class name="qaclickacademy.Mavenjava.Seleniumtest">
        <test-method signature="BrowserAUtomation()[pri:0, instance:qaclickacademy.Mavenjava.Seleniumtest@776b83cc]" started-at="2022-04-10T19:06:47 IST" name="BrowserAUtomation" finished-at="2022-04-10T19:06:47 IST" duration-ms="9" status="PASS">
          <reporter-output>
          </reporter-output>
        </test-method> <!-- BrowserAUtomation -->
        <test-method signature="elementsUi()[pri:0, instance:qaclickacademy.Mavenjava.Seleniumtest@776b83cc]" started-at="2022-04-10T19:06:47 IST" name="elementsUi" finished-at="2022-04-10T19:06:47 IST" duration-ms="2" status="PASS">
          <reporter-output>
          </reporter-output>
        </test-method> <!-- elementsUi -->
      </class> <!-- qaclickacademy.Mavenjava.Seleniumtest -->
    </test> <!-- Default test -->
  </suite> <!-- Default suite -->
</testng-results>
